<?xml version="1.0" encoding="UTF-8"?>
<!-- Generated by org.testng.reporters.JUnitReportReporter -->
<testsuite hostname="ABP-8200319" failures="0" tests="6" name="abpw.testCases.TC_Registration" time="143.336" errors="0" timestamp="2025-07-02T11:29:00 IST" skipped="0">
  <testcase classname="abpw.testCases.TC_Registration" name="Registration_BasicDetails" time="7.729"/>
  <testcase classname="abpw.testCases.TC_Registration" name="Registration_OTP_Details" time="12.908"/>
  <testcase classname="abpw.testCases.TC_Registration" name="Registration_BasicDetails_3rd_Screen" time="9.808"/>
  <testcase classname="abpw.testCases.TC_Registration" name="Registration_PhotoCropAndUpload" time="22.156"/>
  <testcase classname="abpw.testCases.TC_Registration" name="Registration_PhotoId_Upload" time="30.160"/>
  <testcase classname="abpw.testCases.TC_Registration" name="getAWID_From_Home" time="60.575"/>
</testsuite> <!-- abpw.testCases.TC_Registration -->
