<?xml version="1.0" encoding="UTF-8"?>
<!-- Generated by org.testng.reporters.JUnitReportReporter -->
<testsuite skipped="0" hostname="ABP-2606555" name="abpw.testCases.BaseClass" tests="1" failures="0" timestamp="16 Mar 2023 07:01:46 GMT" time="23.829" errors="0">
  <testcase name="browserSetUp" time="23.829" classname="abpw.testCases.BaseClass"/>
</testsuite> <!-- abpw.testCases.BaseClass -->
