<?xml version="1.0" encoding="UTF-8"?>
<!-- Generated by org.testng.reporters.JUnitReportReporter -->
<testsuite hostname="ABP-8200319" failures="0" tests="6" name="abpw.testCases.TC_Registration_Production" time="203.160" errors="0" timestamp="2025-07-25T11:23:47 IST" skipped="0">
  <testcase classname="abpw.testCases.TC_Registration_Production" name="Registration_BasicDetails" time="90.682"/>
  <testcase classname="abpw.testCases.TC_Registration_Production" name="Registration_OTP_Details" time="28.857"/>
  <testcase classname="abpw.testCases.TC_Registration_Production" name="Registration_BasicDetails_3rd_Screen" time="8.500"/>
  <testcase classname="abpw.testCases.TC_Registration_Production" name="Registration_PhotoCropAndUpload" time="24.060"/>
  <testcase classname="abpw.testCases.TC_Registration_Production" name="Registration_PhotoId_Upload" time="2.848"/>
  <testcase classname="abpw.testCases.TC_Registration_Production" name="getAWID_From_Home" time="48.213"/>
</testsuite> <!-- abpw.testCases.TC_Registration_Production -->
