<?xml version="1.0" encoding="UTF-8"?>
<!-- Generated by org.testng.reporters.JUnitReportReporter -->
<testsuite skipped="0" hostname="ABP-2606555" name="abpw.testCases.TC_Login_With_Password" tests="1" failures="0" timestamp="07 Nov 2024 09:57:20 GMT" time="1.481" errors="0">
  <testcase name="login_with_password" time="1.481" classname="abpw.testCases.TC_Login_With_Password"/>
</testsuite> <!-- abpw.testCases.TC_Login_With_Password -->
