<?xml version="1.0" encoding="UTF-8"?>
<!-- Generated by org.testng.reporters.JUnitReportReporter -->
<testsuite hostname="ABP-8200319" failures="0" tests="1" name="abpw.testCases.NCF_Moderation_EX" time="19.311" errors="0" timestamp="2025-04-03T15:24:46 IST" skipped="0">
  <testcase classname="abpw.testCases.NCF_Moderation_EX" name="acceptModeration" time="19.311"/>
</testsuite> <!-- abpw.testCases.NCF_Moderation_EX -->
