<?xml version="1.0" encoding="UTF-8"?>
<!-- Generated by org.testng.reporters.JUnitReportReporter -->
<testsuite skipped="0" hostname="ABP-2606555" name="abpw.testCases.test" tests="1" failures="0" timestamp="10 Jul 2023 09:55:45 GMT" time="0.019" errors="0">
  <testcase name="testexcel" time="0.019" classname="abpw.testCases.test"/>
</testsuite> <!-- abpw.testCases.test -->
