<?xml version="1.0" encoding="UTF-8"?>
<!-- Generated by org.testng.reporters.JUnitReportReporter -->
<testsuite skipped="0" hostname="ABP-2606555" name="abpw.testCases.NCF_Moderation" tests="1" failures="0" timestamp="05 Jul 2023 06:07:43 GMT" time="38.340" errors="0">
  <testcase name="Moderation_TL" time="38.340" classname="abpw.testCases.NCF_Moderation"/>
</testsuite> <!-- abpw.testCases.NCF_Moderation -->
