<?xml version="1.0" encoding="UTF-8"?>
<!-- Generated by org.testng.reporters.JUnitReportReporter -->
<testsuite skipped="0" hostname="ABP-2606555" name="abpw.testCases.My_Matches_validation_based_on_PP" tests="3" failures="0" timestamp="29 Jun 2023 07:13:51 GMT" time="20.668" errors="0">
  <testcase name="login" time="1.853" classname="abpw.testCases.My_Matches_validation_based_on_PP"/>
  <testcase name="setPP" time="15.576" classname="abpw.testCases.My_Matches_validation_based_on_PP"/>
  <testcase name="verifyMyMatches" time="3.239" classname="abpw.testCases.My_Matches_validation_based_on_PP"/>
</testsuite> <!-- abpw.testCases.My_Matches_validation_based_on_PP -->
