<?xml version="1.0" encoding="UTF-8"?>
<!-- Generated by org.testng.reporters.JUnitReportReporter -->
<testsuite skipped="0" hostname="ABP-2606555" name="abpw.testCases.TC_Plan_Purchase" tests="2" failures="0" timestamp="22 Jan 2025 09:44:59 GMT" time="36.461" errors="0">
  <testcase name="login" time="1.279" classname="abpw.testCases.TC_Plan_Purchase"/>
  <testcase name="planPurchase" time="35.182" classname="abpw.testCases.TC_Plan_Purchase"/>
</testsuite> <!-- abpw.testCases.TC_Plan_Purchase -->
