<?xml version="1.0" encoding="UTF-8"?>
<!-- Generated by org.testng.reporters.JUnitReportReporter -->
<testsuite skipped="0" hostname="ABP-2606555" name="abpw.testCases.TC_Chat" tests="1" failures="0" timestamp="14 Jan 2025 07:05:21 GMT" time="9.044" errors="0">
  <testcase name="firstChatMsgSend" time="9.044" classname="abpw.testCases.TC_Chat"/>
</testsuite> <!-- abpw.testCases.TC_Chat -->
