<?xml version="1.0" encoding="UTF-8"?>
<!-- Generated by org.testng.reporters.JUnitReportReporter -->
<testsuite skipped="0" hostname="ABP-2606555" name="abpw.testCases.TC_Chat_Recived" tests="1" failures="0" timestamp="22 Jan 2025 09:44:59 GMT" time="15.535" errors="0">
  <testcase name="firstChatMsgReceived" time="15.535" classname="abpw.testCases.TC_Chat_Recived"/>
</testsuite> <!-- abpw.testCases.TC_Chat_Recived -->
