<?xml version="1.0" encoding="UTF-8"?>
<!-- Generated by org.testng.reporters.JUnitReportReporter -->
<testsuite hostname="ABP-8200319" failures="0" tests="2" name="abpw.testCases.TC_My_Matches" time="9.252" errors="0" timestamp="2025-04-03T15:32:01 IST" skipped="0">
  <testcase classname="abpw.testCases.TC_My_Matches" name="login" time="3.566"/>
  <testcase classname="abpw.testCases.TC_My_Matches" name="My_Matches" time="5.686"/>
</testsuite> <!-- abpw.testCases.TC_My_Matches -->
