<?xml version="1.0" encoding="UTF-8"?>
<!-- Generated by org.testng.reporters.JUnitReportReporter -->
<testsuite skipped="0" hostname="ABP-2606555" name="abpw.testCases.TC_Interaction_Send" tests="3" failures="0" timestamp="22 Jan 2025 09:44:59 GMT" time="73.408" errors="0">
  <testcase name="login" time="1.605" classname="abpw.testCases.TC_Interaction_Send"/>
  <testcase name="view_profile" time="10.360" classname="abpw.testCases.TC_Interaction_Send"/>
  <testcase name="interaction_send" time="61.443" classname="abpw.testCases.TC_Interaction_Send"/>
</testsuite> <!-- abpw.testCases.TC_Interaction_Send -->
