<?xml version="1.0" encoding="UTF-8"?>
<!-- Generated by org.testng.reporters.JUnitReportReporter -->
<testsuite hostname="ABP-8200319" failures="0" tests="2" name="abpw.testCases.TC_Partner_Preference" time="43.799" errors="0" timestamp="2025-04-03T15:27:20 IST" skipped="0">
  <testcase classname="abpw.testCases.TC_Partner_Preference" name="login" time="3.504"/>
  <testcase classname="abpw.testCases.TC_Partner_Preference" name="Partner_Preference" time="40.295"/>
</testsuite> <!-- abpw.testCases.TC_Partner_Preference -->
