<?xml version="1.0" encoding="UTF-8"?>
<!-- Generated by org.testng.reporters.JUnitReportReporter -->
<testsuite skipped="0" hostname="ABP-2606555" name="abpw.testCases.TC_Profile_Completion" tests="2" failures="0" timestamp="22 Jan 2025 09:44:59 GMT" time="203.626" errors="0">
  <testcase name="login" time="3.438" classname="abpw.testCases.TC_Profile_Completion"/>
  <testcase name="profileCompletion" time="200.188" classname="abpw.testCases.TC_Profile_Completion"/>
</testsuite> <!-- abpw.testCases.TC_Profile_Completion -->
