<?xml version="1.0" encoding="UTF-8"?>
<!-- Generated by org.testng.reporters.JUnitReportReporter -->
<testsuite skipped="0" hostname="ABP-2606555" name="abpw.testCases.TC_SearchByAWID" tests="2" failures="0" timestamp="27 Jun 2023 09:17:37 GMT" time="8.347" errors="0">
  <testcase name="login" time="3.356" classname="abpw.testCases.TC_SearchByAWID"/>
  <testcase name="search_by_id" time="4.991" classname="abpw.testCases.TC_SearchByAWID"/>
</testsuite> <!-- abpw.testCases.TC_SearchByAWID -->
