<?xml version="1.0" encoding="UTF-8"?>
<!-- Generated by org.testng.reporters.JUnitReportReporter -->
<testsuite hostname="ABP-8200319" failures="0" tests="1" name="abpw.testCases.NCF_Get_OTP" time="22.898" errors="0" timestamp="2025-07-02T16:21:03 IST" skipped="0">
  <testcase classname="abpw.testCases.NCF_Get_OTP" name="loginCRM_mgr" time="22.898"/>
</testsuite> <!-- abpw.testCases.NCF_Get_OTP -->
