<?xml version="1.0" encoding="UTF-8"?>
<!-- Generated by org.testng.reporters.JUnitReportReporter -->
<testsuite hostname="ABP-8200319" failures="0" tests="6" name="abpw.testCases.TC_Registration_Production" time="383.445" errors="0" timestamp="2025-07-22T17:54:26 IST" skipped="0">
  <testcase classname="abpw.testCases.TC_Registration_Production" name="Registration_BasicDetails" time="80.519"/>
  <testcase classname="abpw.testCases.TC_Registration_Production" name="Registration_OTP_Details" time="60.579"/>
  <testcase classname="abpw.testCases.TC_Registration_Production" name="Registration_BasicDetails_3rd_Screen" time="60.603"/>
  <testcase classname="abpw.testCases.TC_Registration_Production" name="Registration_PhotoCropAndUpload" time="60.584"/>
  <testcase classname="abpw.testCases.TC_Registration_Production" name="Registration_PhotoId_Upload" time="60.584"/>
  <testcase classname="abpw.testCases.TC_Registration_Production" name="getAWID_From_Home" time="60.576"/>
</testsuite> <!-- abpw.testCases.TC_Registration_Production -->
