<?xml version="1.0" encoding="UTF-8"?>
<!-- Generated by org.testng.reporters.JUnitReportReporter -->
<testsuite skipped="0" hostname="ABP-2606555" name="abpw.testCases.TC_Interaction_Received" tests="2" failures="0" timestamp="22 Jan 2025 09:44:59 GMT" time="61.320" errors="0">
  <testcase name="login" time="1.340" classname="abpw.testCases.TC_Interaction_Received"/>
  <testcase name="checkInteraction" time="59.980" classname="abpw.testCases.TC_Interaction_Received"/>
</testsuite> <!-- abpw.testCases.TC_Interaction_Received -->
