<?xml version="1.0" encoding="UTF-8"?>
<!-- Generated by org.testng.reporters.JUnitReportReporter -->
<testsuite skipped="0" hostname="ABP-2606555" name="abpw.testCases.TC_PartnerPreference" tests="1" failures="0" timestamp="05 Jul 2023 09:28:06 GMT" time="47.890" errors="0">
  <testcase name="PartnerPreference" time="47.890" classname="abpw.testCases.TC_PartnerPreference"/>
</testsuite> <!-- abpw.testCases.TC_PartnerPreference -->
