<?xml version="1.0" encoding="UTF-8"?>
<!-- Generated by org.testng.reporters.JUnitReportReporter -->
<testsuite skipped="0" hostname="ABP-2606555" name="abpw.testCases.TC_Chat_Send" tests="1" failures="0" timestamp="22 Jan 2025 09:44:59 GMT" time="9.849" errors="0">
  <testcase name="firstChatMsgSend" time="9.849" classname="abpw.testCases.TC_Chat_Send"/>
</testsuite> <!-- abpw.testCases.TC_Chat_Send -->
