<?xml version="1.0" encoding="UTF-8"?>
<!-- Generated by org.testng.reporters.JUnitReportReporter -->
<testsuite hostname="ABP-8200319" failures="0" tests="2" name="abpw.testCases.TC_Forgot_Password" time="6.125" errors="0" timestamp="2025-04-03T15:23:02 IST" skipped="0">
  <testcase classname="abpw.testCases.TC_Forgot_Password" name="openForgot_Password_Page" time="1.062"/>
  <testcase classname="abpw.testCases.TC_Forgot_Password" name="Set_Password" time="5.063"/>
</testsuite> <!-- abpw.testCases.TC_Forgot_Password -->
