<?xml version="1.0" encoding="UTF-8"?>
<!-- Generated by org.testng.reporters.JUnitReportReporter -->
<testsuite hostname="ABP-8200319" failures="0" tests="2" name="abpw.testCases.TC_Delete_Profile" time="30.984" errors="0" timestamp="2025-07-08T15:57:36 IST" skipped="0">
  <testcase classname="abpw.testCases.TC_Delete_Profile" name="login" time="1.097"/>
  <testcase classname="abpw.testCases.TC_Delete_Profile" name="delete_profile" time="29.887"/>
</testsuite> <!-- abpw.testCases.TC_Delete_Profile -->
